[2025-07-13 16:16:54] Deteniendo aplicación...
[2025-07-13 16:16:54] ⚠️ Proceso no estaba corriendo
[2025-07-13 16:16:54] Aplicación detenida
[2025-07-13 18:08:51] Deteniendo aplicación...
[2025-07-13 18:08:51] ⚠️ Proceso no estaba corriendo
[2025-07-13 18:08:51] Aplicación detenida
[2025-07-13 19:05:37] Deteniendo aplicación...
[2025-07-13 19:05:37] ⚠️ Proceso no estaba corriendo
[2025-07-13 19:05:37] Aplicación detenida
[2025-07-13 19:08:11] Deteniendo aplicación...
[2025-07-13 19:08:11] ⚠️ Proceso no estaba corriendo
[2025-07-13 19:08:11] Aplicación detenida
[2025-07-13 19:20:21] Deteniendo aplicación...
[2025-07-13 19:20:22] ⚠️ Proceso no estaba corriendo
[2025-07-13 19:20:22] Aplicación detenida
[2025-07-13 19:22:52] Deteniendo aplicación...
[2025-07-13 19:22:52] ⚠️ Proceso no estaba corriendo
[2025-07-13 19:22:52] Aplicación detenida
[2025-07-13 19:40:54] Deteniendo aplicación...
[2025-07-13 19:40:55] ⚠️ Proceso no estaba corriendo
[2025-07-13 19:40:55] Aplicación detenida
[2025-07-13 20:08:03] Deteniendo aplicación...
[2025-07-13 20:08:03] ⚠️ Proceso no estaba corriendo
[2025-07-13 20:08:04] Aplicación detenida
[2025-07-13 20:10:55] Deteniendo aplicación...
[2025-07-13 20:10:55] ⚠️ Proceso no estaba corriendo
[2025-07-13 20:10:55] Aplicación detenida
[2025-07-13 21:23:07] Deteniendo aplicación...
[2025-07-13 21:23:07] ⚠️ Proceso no estaba corriendo
[2025-07-13 21:23:07] Aplicación detenida
[2025-07-13 21:34:27] Deteniendo aplicación...
[2025-07-13 21:34:27] ⚠️ Proceso no estaba corriendo
[2025-07-13 21:34:27] Aplicación detenida
[2025-07-13 21:39:45] Deteniendo aplicación...
[2025-07-13 21:39:45] ⚠️ Proceso no estaba corriendo
[2025-07-13 21:39:45] Aplicación detenida
[2025-07-13 21:44:14] Deteniendo aplicación...
[2025-07-13 21:44:14] ⚠️ Proceso no estaba corriendo
[2025-07-13 21:44:14] Aplicación detenida
[2025-07-13 21:47:30] Deteniendo aplicación...
[2025-07-13 21:47:30] ⚠️ Proceso no estaba corriendo
[2025-07-13 21:47:30] Aplicación detenida
[2025-07-13 21:55:59] Deteniendo aplicación...
[2025-07-13 21:55:59] ⚠️ Proceso no estaba corriendo
[2025-07-13 21:55:59] Aplicación detenida
[2025-07-14 02:12:13] Deteniendo aplicación...
[2025-07-14 02:12:13] ⚠️ Proceso no estaba corriendo
[2025-07-14 02:12:13] Aplicación detenida
[2025-07-14 02:16:57] Deteniendo aplicación...
[2025-07-14 02:16:57] ⚠️ Proceso no estaba corriendo
[2025-07-14 02:16:57] Aplicación detenida
[2025-07-14 02:41:11] Deteniendo aplicación...
[2025-07-14 02:41:11] ⚠️ Proceso no estaba corriendo
[2025-07-14 02:41:11] Aplicación detenida
[2025-07-14 02:47:23] Deteniendo aplicación...
[2025-07-14 02:47:23] ⚠️ Proceso no estaba corriendo
[2025-07-14 02:47:23] Aplicación detenida
[2025-07-14 02:49:21] Deteniendo aplicación...
[2025-07-14 02:49:21] ⚠️ Proceso no estaba corriendo
[2025-07-14 02:49:21] Aplicación detenida
[2025-07-14 02:59:33] Deteniendo aplicación...
[2025-07-14 02:59:33] ⚠️ Proceso no estaba corriendo
[2025-07-14 02:59:33] Aplicación detenida
[2025-07-14 03:25:27] Deteniendo aplicación...
[2025-07-14 03:25:27] ⚠️ Proceso no estaba corriendo
[2025-07-14 03:25:27] Aplicación detenida
[2025-07-14 03:29:20] Deteniendo aplicación...
[2025-07-14 03:29:20] ⚠️ Proceso no estaba corriendo
[2025-07-14 03:29:20] Aplicación detenida
[2025-07-14 03:39:48] Deteniendo aplicación...
[2025-07-14 03:39:48] ⚠️ Proceso no estaba corriendo
[2025-07-14 03:39:48] Aplicación detenida
[2025-07-14 03:45:39] Deteniendo aplicación...
[2025-07-14 03:45:40] ⚠️ Proceso no estaba corriendo
[2025-07-14 03:45:40] Aplicación detenida
[2025-07-14 04:13:52] Deteniendo aplicación...
[2025-07-14 04:13:52] ⚠️ Proceso no estaba corriendo
[2025-07-14 04:13:52] Aplicación detenida
[2025-07-14 04:52:28] Deteniendo aplicación...
[2025-07-14 04:52:29] Terminando proceso con PID: 39819
[2025-07-14 04:52:29] ✅ Proceso terminado graciosamente
[2025-07-14 04:52:29] Aplicación detenida
