[2025-07-11 02:56:38] Iniciando aplicación en modo producción...
[2025-07-11 02:56:38] Verificando conexión del dispositivo...
[2025-07-11 02:56:38] Iniciando aplicación en puerto 5000...
[2025-07-11 02:56:38] Aplicación iniciada con PID: 18507
[2025-07-11 02:56:41] ✅ Aplicación iniciada exitosamente
[2025-07-11 02:56:43] ⚠️ API no responde al endpoint de salud
[2025-07-13 15:08:14] Iniciando aplicación en modo producción...
[2025-07-13 15:08:14] Verificando conexión del dispositivo...
[2025-07-13 15:08:14] Iniciando aplicación en puerto 5000...
[2025-07-13 15:08:14] Aplicación iniciada con PID: 914
[2025-07-13 15:08:17] ✅ Aplicación iniciada exitosamente
[2025-07-13 15:08:19] ⚠️ API no responde al endpoint de salud
[2025-07-13 16:17:04] Iniciando aplicación en modo producción...
[2025-07-13 16:17:04] Verificando conexión del dispositivo...
[2025-07-13 16:17:05] Iniciando aplicación en puerto 5000...
[2025-07-13 16:17:05] Aplicación iniciada con PID: 14821
[2025-07-13 16:17:08] ✅ Aplicación iniciada exitosamente
[2025-07-13 16:17:10] ⚠️ API no responde al endpoint de salud
[2025-07-13 18:09:01] Iniciando aplicación en modo producción...
[2025-07-13 18:09:01] Verificando conexión del dispositivo...
[2025-07-13 18:09:02] Iniciando aplicación en puerto 5000...
[2025-07-13 18:09:02] Aplicación iniciada con PID: 27264
[2025-07-13 18:09:05] ✅ Aplicación iniciada exitosamente
[2025-07-13 18:09:07] ⚠️ API no responde al endpoint de salud
[2025-07-13 18:32:28] Iniciando aplicación en modo producción...
[2025-07-13 18:32:28] Verificando conexión del dispositivo...
[2025-07-13 18:32:28] Iniciando aplicación en puerto 5000...
[2025-07-13 18:32:28] Aplicación iniciada con PID: 922
[2025-07-13 18:32:31] ✅ Aplicación iniciada exitosamente
[2025-07-13 18:32:33] ⚠️ API no responde al endpoint de salud
[2025-07-13 19:05:47] Iniciando aplicación en modo producción...
[2025-07-13 19:05:47] Verificando conexión del dispositivo...
[2025-07-13 19:05:47] Iniciando aplicación en puerto 5000...
[2025-07-13 19:05:47] Aplicación iniciada con PID: 9904
[2025-07-13 19:05:50] ✅ Aplicación iniciada exitosamente
[2025-07-13 19:05:52] ⚠️ API no responde al endpoint de salud
[2025-07-13 19:08:21] Iniciando aplicación en modo producción...
[2025-07-13 19:08:22] Verificando conexión del dispositivo...
[2025-07-13 19:08:22] Iniciando aplicación en puerto 5000...
[2025-07-13 19:08:22] Aplicación iniciada con PID: 10409
[2025-07-13 19:08:25] ✅ Aplicación iniciada exitosamente
[2025-07-13 19:08:27] ⚠️ API no responde al endpoint de salud
[2025-07-13 19:20:32] Iniciando aplicación en modo producción...
[2025-07-13 19:20:32] Verificando conexión del dispositivo...
[2025-07-13 19:20:32] Iniciando aplicación en puerto 5000...
[2025-07-13 19:20:32] Aplicación iniciada con PID: 12278
[2025-07-13 19:20:35] ✅ Aplicación iniciada exitosamente
[2025-07-13 19:20:37] ⚠️ API no responde al endpoint de salud
[2025-07-13 19:23:02] Iniciando aplicación en modo producción...
[2025-07-13 19:23:02] Verificando conexión del dispositivo...
[2025-07-13 19:23:02] ERROR: Puerto 5000 ya está en uso
[2025-07-13 19:23:13] Iniciando aplicación en modo producción...
[2025-07-13 19:23:13] Verificando conexión del dispositivo...
[2025-07-13 19:23:13] ERROR: Puerto 5000 ya está en uso
[2025-07-13 19:23:23] Iniciando aplicación en modo producción...
[2025-07-13 19:23:23] Verificando conexión del dispositivo...
[2025-07-13 19:23:23] ERROR: Puerto 5000 ya está en uso
[2025-07-13 19:23:33] Iniciando aplicación en modo producción...
[2025-07-13 19:23:33] Verificando conexión del dispositivo...
[2025-07-13 19:23:33] ERROR: Puerto 5000 ya está en uso
[2025-07-13 19:23:43] Iniciando aplicación en modo producción...
[2025-07-13 19:23:43] Verificando conexión del dispositivo...
[2025-07-13 19:23:43] ERROR: Puerto 5000 ya está en uso
[2025-07-13 19:23:54] Iniciando aplicación en modo producción...
[2025-07-13 19:23:54] Verificando conexión del dispositivo...
[2025-07-13 19:23:54] ERROR: Puerto 5000 ya está en uso
[2025-07-13 19:24:04] Iniciando aplicación en modo producción...
[2025-07-13 19:24:04] Verificando conexión del dispositivo...
[2025-07-13 19:24:04] ERROR: Puerto 5000 ya está en uso
[2025-07-13 19:24:14] Iniciando aplicación en modo producción...
[2025-07-13 19:24:14] Verificando conexión del dispositivo...
[2025-07-13 19:24:14] ERROR: Puerto 5000 ya está en uso
[2025-07-13 19:24:24] Iniciando aplicación en modo producción...
[2025-07-13 19:24:24] Verificando conexión del dispositivo...
[2025-07-13 19:24:24] ERROR: Puerto 5000 ya está en uso
[2025-07-13 19:24:34] Iniciando aplicación en modo producción...
[2025-07-13 19:24:34] Verificando conexión del dispositivo...
[2025-07-13 19:24:35] ERROR: Puerto 5000 ya está en uso
[2025-07-13 19:24:45] Iniciando aplicación en modo producción...
[2025-07-13 19:24:45] Verificando conexión del dispositivo...
[2025-07-13 19:24:45] ERROR: Puerto 5000 ya está en uso
[2025-07-13 19:24:55] Iniciando aplicación en modo producción...
[2025-07-13 19:24:55] Verificando conexión del dispositivo...
[2025-07-13 19:24:55] ERROR: Puerto 5000 ya está en uso
[2025-07-13 19:25:05] Iniciando aplicación en modo producción...
[2025-07-13 19:25:05] Verificando conexión del dispositivo...
[2025-07-13 19:25:05] ERROR: Puerto 5000 ya está en uso
[2025-07-13 19:25:16] Iniciando aplicación en modo producción...
[2025-07-13 19:25:16] Verificando conexión del dispositivo...
[2025-07-13 19:25:16] ERROR: Puerto 5000 ya está en uso
[2025-07-13 19:25:26] Iniciando aplicación en modo producción...
[2025-07-13 19:25:26] Verificando conexión del dispositivo...
[2025-07-13 19:25:26] ERROR: Puerto 5000 ya está en uso
[2025-07-13 19:25:36] Iniciando aplicación en modo producción...
[2025-07-13 19:25:36] Verificando conexión del dispositivo...
[2025-07-13 19:25:36] ERROR: Puerto 5000 ya está en uso
[2025-07-13 19:25:46] Iniciando aplicación en modo producción...
[2025-07-13 19:25:46] Verificando conexión del dispositivo...
[2025-07-13 19:25:46] ERROR: Puerto 5000 ya está en uso
[2025-07-13 19:25:57] Iniciando aplicación en modo producción...
[2025-07-13 19:25:57] Verificando conexión del dispositivo...
[2025-07-13 19:25:57] ERROR: Puerto 5000 ya está en uso
[2025-07-13 19:26:07] Iniciando aplicación en modo producción...
[2025-07-13 19:26:07] Verificando conexión del dispositivo...
[2025-07-13 19:26:07] ERROR: Puerto 5000 ya está en uso
[2025-07-13 19:26:17] Iniciando aplicación en modo producción...
[2025-07-13 19:26:17] Verificando conexión del dispositivo...
[2025-07-13 19:26:17] ERROR: Puerto 5000 ya está en uso
[2025-07-13 19:26:27] Iniciando aplicación en modo producción...
[2025-07-13 19:26:27] Verificando conexión del dispositivo...
[2025-07-13 19:26:27] ERROR: Puerto 5000 ya está en uso
[2025-07-13 19:26:38] Iniciando aplicación en modo producción...
[2025-07-13 19:26:38] Verificando conexión del dispositivo...
[2025-07-13 19:26:38] ERROR: Puerto 5000 ya está en uso
[2025-07-13 19:26:48] Iniciando aplicación en modo producción...
[2025-07-13 19:26:48] Verificando conexión del dispositivo...
[2025-07-13 19:26:48] ERROR: Puerto 5000 ya está en uso
[2025-07-13 19:26:58] Iniciando aplicación en modo producción...
[2025-07-13 19:26:58] Verificando conexión del dispositivo...
[2025-07-13 19:26:58] ERROR: Puerto 5000 ya está en uso
[2025-07-13 19:27:08] Iniciando aplicación en modo producción...
[2025-07-13 19:27:08] Verificando conexión del dispositivo...
[2025-07-13 19:27:08] ERROR: Puerto 5000 ya está en uso
[2025-07-13 19:27:18] Iniciando aplicación en modo producción...
[2025-07-13 19:27:18] Verificando conexión del dispositivo...
[2025-07-13 19:27:19] ERROR: Puerto 5000 ya está en uso
[2025-07-13 19:27:29] Iniciando aplicación en modo producción...
[2025-07-13 19:27:29] Verificando conexión del dispositivo...
[2025-07-13 19:27:29] ERROR: Puerto 5000 ya está en uso
[2025-07-13 19:27:39] Iniciando aplicación en modo producción...
[2025-07-13 19:27:39] Verificando conexión del dispositivo...
[2025-07-13 19:27:39] ERROR: Puerto 5000 ya está en uso
[2025-07-13 19:27:50] Iniciando aplicación en modo producción...
[2025-07-13 19:27:50] Verificando conexión del dispositivo...
[2025-07-13 19:27:50] ERROR: Puerto 5000 ya está en uso
[2025-07-13 19:28:00] Iniciando aplicación en modo producción...
[2025-07-13 19:28:00] Verificando conexión del dispositivo...
[2025-07-13 19:28:00] ERROR: Puerto 5000 ya está en uso
[2025-07-13 19:28:10] Iniciando aplicación en modo producción...
[2025-07-13 19:28:10] Verificando conexión del dispositivo...
[2025-07-13 19:28:10] ERROR: Puerto 5000 ya está en uso
[2025-07-13 19:28:20] Iniciando aplicación en modo producción...
[2025-07-13 19:28:20] Verificando conexión del dispositivo...
[2025-07-13 19:28:20] ERROR: Puerto 5000 ya está en uso
[2025-07-13 19:28:31] Iniciando aplicación en modo producción...
[2025-07-13 19:28:31] Verificando conexión del dispositivo...
[2025-07-13 19:28:31] ERROR: Puerto 5000 ya está en uso
[2025-07-13 19:28:41] Iniciando aplicación en modo producción...
[2025-07-13 19:28:41] Verificando conexión del dispositivo...
[2025-07-13 19:28:41] ERROR: Puerto 5000 ya está en uso
[2025-07-13 19:28:51] Iniciando aplicación en modo producción...
[2025-07-13 19:28:51] Verificando conexión del dispositivo...
[2025-07-13 19:28:51] ERROR: Puerto 5000 ya está en uso
[2025-07-13 19:29:01] Iniciando aplicación en modo producción...
[2025-07-13 19:29:01] Verificando conexión del dispositivo...
[2025-07-13 19:29:01] WARNING: Dispositivo SecuGen no detectado
[2025-07-13 19:29:01] ERROR: Puerto 5000 ya está en uso
[2025-07-13 19:29:12] Iniciando aplicación en modo producción...
[2025-07-13 19:29:12] Verificando conexión del dispositivo...
[2025-07-13 19:29:12] ERROR: Puerto 5000 ya está en uso
[2025-07-13 19:29:22] Iniciando aplicación en modo producción...
[2025-07-13 19:29:22] Verificando conexión del dispositivo...
[2025-07-13 19:29:22] ERROR: Puerto 5000 ya está en uso
[2025-07-13 19:29:32] Iniciando aplicación en modo producción...
[2025-07-13 19:29:32] Verificando conexión del dispositivo...
[2025-07-13 19:29:32] ERROR: Puerto 5000 ya está en uso
[2025-07-13 19:29:42] Iniciando aplicación en modo producción...
[2025-07-13 19:29:42] Verificando conexión del dispositivo...
[2025-07-13 19:29:42] ERROR: Puerto 5000 ya está en uso
[2025-07-13 19:29:53] Iniciando aplicación en modo producción...
[2025-07-13 19:29:53] Verificando conexión del dispositivo...
[2025-07-13 19:29:53] ERROR: Puerto 5000 ya está en uso
[2025-07-13 19:30:03] Iniciando aplicación en modo producción...
[2025-07-13 19:30:03] Verificando conexión del dispositivo...
[2025-07-13 19:30:03] ERROR: Puerto 5000 ya está en uso
[2025-07-13 19:30:13] Iniciando aplicación en modo producción...
[2025-07-13 19:30:13] Verificando conexión del dispositivo...
[2025-07-13 19:30:13] ERROR: Puerto 5000 ya está en uso
[2025-07-13 19:30:23] Iniciando aplicación en modo producción...
[2025-07-13 19:30:23] Verificando conexión del dispositivo...
[2025-07-13 19:30:23] ERROR: Puerto 5000 ya está en uso
[2025-07-13 19:30:34] Iniciando aplicación en modo producción...
[2025-07-13 19:30:34] Verificando conexión del dispositivo...
[2025-07-13 19:30:34] ERROR: Puerto 5000 ya está en uso
[2025-07-13 19:30:44] Iniciando aplicación en modo producción...
[2025-07-13 19:30:44] Verificando conexión del dispositivo...
[2025-07-13 19:30:44] ERROR: Puerto 5000 ya está en uso
[2025-07-13 19:30:54] Iniciando aplicación en modo producción...
[2025-07-13 19:30:54] Verificando conexión del dispositivo...
[2025-07-13 19:30:54] Iniciando aplicación en puerto 5000...
[2025-07-13 19:30:54] Aplicación iniciada con PID: 15239
[2025-07-13 19:30:57] ✅ Aplicación iniciada exitosamente
[2025-07-13 19:30:59] ⚠️ API no responde al endpoint de salud
[2025-07-13 19:41:05] Iniciando aplicación en modo producción...
[2025-07-13 19:41:05] Verificando conexión del dispositivo...
[2025-07-13 19:41:05] ERROR: Puerto 5000 ya está en uso
[2025-07-13 19:41:15] Iniciando aplicación en modo producción...
[2025-07-13 19:41:15] Verificando conexión del dispositivo...
[2025-07-13 19:41:15] ERROR: Puerto 5000 ya está en uso
[2025-07-13 19:41:26] Iniciando aplicación en modo producción...
[2025-07-13 19:41:26] Verificando conexión del dispositivo...
[2025-07-13 19:41:26] ERROR: Puerto 5000 ya está en uso
[2025-07-13 19:41:36] Iniciando aplicación en modo producción...
[2025-07-13 19:41:36] Verificando conexión del dispositivo...
[2025-07-13 19:41:36] ERROR: Puerto 5000 ya está en uso
[2025-07-13 19:41:46] Iniciando aplicación en modo producción...
[2025-07-13 19:41:46] Verificando conexión del dispositivo...
[2025-07-13 19:41:46] ERROR: Puerto 5000 ya está en uso
[2025-07-13 19:41:57] Iniciando aplicación en modo producción...
[2025-07-13 19:41:57] Verificando conexión del dispositivo...
[2025-07-13 19:41:57] ERROR: Puerto 5000 ya está en uso
[2025-07-13 19:42:07] Iniciando aplicación en modo producción...
[2025-07-13 19:42:07] Verificando conexión del dispositivo...
[2025-07-13 19:42:07] ERROR: Puerto 5000 ya está en uso
[2025-07-13 19:42:17] Iniciando aplicación en modo producción...
[2025-07-13 19:42:17] Verificando conexión del dispositivo...
[2025-07-13 19:42:17] ERROR: Puerto 5000 ya está en uso
[2025-07-13 19:42:28] Iniciando aplicación en modo producción...
[2025-07-13 19:42:28] Verificando conexión del dispositivo...
[2025-07-13 19:42:28] ERROR: Puerto 5000 ya está en uso
[2025-07-13 19:42:38] Iniciando aplicación en modo producción...
[2025-07-13 19:42:38] Verificando conexión del dispositivo...
[2025-07-13 19:42:38] ERROR: Puerto 5000 ya está en uso
[2025-07-13 19:42:49] Iniciando aplicación en modo producción...
[2025-07-13 19:42:49] Verificando conexión del dispositivo...
[2025-07-13 19:42:49] ERROR: Puerto 5000 ya está en uso
[2025-07-13 19:42:59] Iniciando aplicación en modo producción...
[2025-07-13 19:42:59] Verificando conexión del dispositivo...
[2025-07-13 19:42:59] ERROR: Puerto 5000 ya está en uso
[2025-07-13 19:43:10] Iniciando aplicación en modo producción...
[2025-07-13 19:43:10] Verificando conexión del dispositivo...
[2025-07-13 19:43:10] ERROR: Puerto 5000 ya está en uso
[2025-07-13 19:43:20] Iniciando aplicación en modo producción...
[2025-07-13 19:43:20] Verificando conexión del dispositivo...
[2025-07-13 19:43:21] ERROR: Puerto 5000 ya está en uso
[2025-07-13 19:43:31] Iniciando aplicación en modo producción...
[2025-07-13 19:43:31] Verificando conexión del dispositivo...
[2025-07-13 19:43:31] ERROR: Puerto 5000 ya está en uso
[2025-07-13 19:43:42] Iniciando aplicación en modo producción...
[2025-07-13 19:43:42] Verificando conexión del dispositivo...
[2025-07-13 19:43:42] ERROR: Puerto 5000 ya está en uso
[2025-07-13 19:43:52] Iniciando aplicación en modo producción...
[2025-07-13 19:43:52] Verificando conexión del dispositivo...
[2025-07-13 19:43:52] ERROR: Puerto 5000 ya está en uso
[2025-07-13 19:44:03] Iniciando aplicación en modo producción...
[2025-07-13 19:44:03] Verificando conexión del dispositivo...
[2025-07-13 19:44:03] ERROR: Puerto 5000 ya está en uso
[2025-07-13 19:44:13] Iniciando aplicación en modo producción...
[2025-07-13 19:44:13] Verificando conexión del dispositivo...
[2025-07-13 19:44:13] ERROR: Puerto 5000 ya está en uso
[2025-07-13 19:44:24] Iniciando aplicación en modo producción...
[2025-07-13 19:44:24] Verificando conexión del dispositivo...
[2025-07-13 19:44:24] ERROR: Puerto 5000 ya está en uso
[2025-07-13 19:44:35] Iniciando aplicación en modo producción...
[2025-07-13 19:44:35] Verificando conexión del dispositivo...
[2025-07-13 19:44:35] ERROR: Puerto 5000 ya está en uso
[2025-07-13 19:44:45] Iniciando aplicación en modo producción...
[2025-07-13 19:44:45] Verificando conexión del dispositivo...
[2025-07-13 19:44:45] ERROR: Puerto 5000 ya está en uso
[2025-07-13 19:44:56] Iniciando aplicación en modo producción...
[2025-07-13 19:44:56] Verificando conexión del dispositivo...
[2025-07-13 19:44:56] ERROR: Puerto 5000 ya está en uso
[2025-07-13 19:45:06] Iniciando aplicación en modo producción...
[2025-07-13 19:45:06] Verificando conexión del dispositivo...
[2025-07-13 19:45:06] ERROR: Puerto 5000 ya está en uso
[2025-07-13 19:45:17] Iniciando aplicación en modo producción...
[2025-07-13 19:45:17] Verificando conexión del dispositivo...
[2025-07-13 19:45:17] ERROR: Puerto 5000 ya está en uso
[2025-07-13 19:45:27] Iniciando aplicación en modo producción...
[2025-07-13 19:45:27] Verificando conexión del dispositivo...
[2025-07-13 19:45:28] ERROR: Puerto 5000 ya está en uso
[2025-07-13 19:45:38] Iniciando aplicación en modo producción...
[2025-07-13 19:45:38] Verificando conexión del dispositivo...
[2025-07-13 19:45:38] ERROR: Puerto 5000 ya está en uso
[2025-07-13 19:45:49] Iniciando aplicación en modo producción...
[2025-07-13 19:45:49] Verificando conexión del dispositivo...
[2025-07-13 19:45:49] ERROR: Puerto 5000 ya está en uso
[2025-07-13 19:45:59] Iniciando aplicación en modo producción...
[2025-07-13 19:46:00] Verificando conexión del dispositivo...
[2025-07-13 19:46:00] ERROR: Puerto 5000 ya está en uso
[2025-07-13 19:46:10] Iniciando aplicación en modo producción...
[2025-07-13 19:46:10] Verificando conexión del dispositivo...
[2025-07-13 19:46:10] ERROR: Puerto 5000 ya está en uso
[2025-07-13 19:46:21] Iniciando aplicación en modo producción...
[2025-07-13 19:46:21] Verificando conexión del dispositivo...
[2025-07-13 19:46:21] ERROR: Puerto 5000 ya está en uso
[2025-07-13 19:46:31] Iniciando aplicación en modo producción...
[2025-07-13 19:46:31] Verificando conexión del dispositivo...
[2025-07-13 19:46:32] ERROR: Puerto 5000 ya está en uso
[2025-07-13 19:46:42] Iniciando aplicación en modo producción...
[2025-07-13 19:46:42] Verificando conexión del dispositivo...
[2025-07-13 19:46:42] ERROR: Puerto 5000 ya está en uso
[2025-07-13 19:46:53] Iniciando aplicación en modo producción...
[2025-07-13 19:46:53] Verificando conexión del dispositivo...
[2025-07-13 19:46:53] ERROR: Puerto 5000 ya está en uso
[2025-07-13 19:47:03] Iniciando aplicación en modo producción...
[2025-07-13 19:47:03] Verificando conexión del dispositivo...
[2025-07-13 19:47:03] ERROR: Puerto 5000 ya está en uso
[2025-07-13 19:47:13] Iniciando aplicación en modo producción...
[2025-07-13 19:47:13] Verificando conexión del dispositivo...
[2025-07-13 19:47:14] ERROR: Puerto 5000 ya está en uso
[2025-07-13 19:47:24] Iniciando aplicación en modo producción...
[2025-07-13 19:47:24] Verificando conexión del dispositivo...
[2025-07-13 19:47:24] ERROR: Puerto 5000 ya está en uso
[2025-07-13 19:47:34] Iniciando aplicación en modo producción...
[2025-07-13 19:47:34] Verificando conexión del dispositivo...
[2025-07-13 19:47:34] ERROR: Puerto 5000 ya está en uso
[2025-07-13 19:47:44] Iniciando aplicación en modo producción...
[2025-07-13 19:47:44] Verificando conexión del dispositivo...
[2025-07-13 19:47:44] ERROR: Puerto 5000 ya está en uso
[2025-07-13 19:47:55] Iniciando aplicación en modo producción...
[2025-07-13 19:47:55] Verificando conexión del dispositivo...
[2025-07-13 19:47:55] ERROR: Puerto 5000 ya está en uso
[2025-07-13 19:48:05] Iniciando aplicación en modo producción...
[2025-07-13 19:48:05] Verificando conexión del dispositivo...
[2025-07-13 19:48:05] ERROR: Puerto 5000 ya está en uso
[2025-07-13 19:48:15] Iniciando aplicación en modo producción...
[2025-07-13 19:48:15] Verificando conexión del dispositivo...
[2025-07-13 19:48:15] ERROR: Puerto 5000 ya está en uso
[2025-07-13 19:48:25] Iniciando aplicación en modo producción...
[2025-07-13 19:48:25] Verificando conexión del dispositivo...
[2025-07-13 19:48:25] ERROR: Puerto 5000 ya está en uso
[2025-07-13 19:48:36] Iniciando aplicación en modo producción...
[2025-07-13 19:48:36] Verificando conexión del dispositivo...
[2025-07-13 19:48:36] ERROR: Puerto 5000 ya está en uso
[2025-07-13 19:48:46] Iniciando aplicación en modo producción...
[2025-07-13 19:48:46] Verificando conexión del dispositivo...
[2025-07-13 19:48:46] ERROR: Puerto 5000 ya está en uso
[2025-07-13 19:48:56] Iniciando aplicación en modo producción...
[2025-07-13 19:48:56] Verificando conexión del dispositivo...
[2025-07-13 19:48:56] ERROR: Puerto 5000 ya está en uso
[2025-07-13 19:49:06] Iniciando aplicación en modo producción...
[2025-07-13 19:49:06] Verificando conexión del dispositivo...
[2025-07-13 19:49:06] ERROR: Puerto 5000 ya está en uso
[2025-07-13 19:49:17] Iniciando aplicación en modo producción...
[2025-07-13 19:49:17] Verificando conexión del dispositivo...
[2025-07-13 19:49:17] ERROR: Puerto 5000 ya está en uso
[2025-07-13 19:49:27] Iniciando aplicación en modo producción...
[2025-07-13 19:49:27] Verificando conexión del dispositivo...
[2025-07-13 19:49:27] ERROR: Puerto 5000 ya está en uso
[2025-07-13 19:49:37] Iniciando aplicación en modo producción...
[2025-07-13 19:49:37] Verificando conexión del dispositivo...
[2025-07-13 19:49:37] ERROR: Puerto 5000 ya está en uso
[2025-07-13 19:49:48] Iniciando aplicación en modo producción...
[2025-07-13 19:49:48] Verificando conexión del dispositivo...
[2025-07-13 19:49:48] ERROR: Puerto 5000 ya está en uso
[2025-07-13 19:49:58] Iniciando aplicación en modo producción...
[2025-07-13 19:49:58] Verificando conexión del dispositivo...
[2025-07-13 19:49:58] ERROR: Puerto 5000 ya está en uso
[2025-07-13 19:50:08] Iniciando aplicación en modo producción...
[2025-07-13 19:50:08] Verificando conexión del dispositivo...
[2025-07-13 19:50:08] ERROR: Puerto 5000 ya está en uso
[2025-07-13 19:50:18] Iniciando aplicación en modo producción...
[2025-07-13 19:50:18] Verificando conexión del dispositivo...
[2025-07-13 19:50:18] ERROR: Puerto 5000 ya está en uso
[2025-07-13 19:50:29] Iniciando aplicación en modo producción...
[2025-07-13 19:50:29] Verificando conexión del dispositivo...
[2025-07-13 19:50:29] ERROR: Puerto 5000 ya está en uso
[2025-07-13 19:50:39] Iniciando aplicación en modo producción...
[2025-07-13 19:50:39] Verificando conexión del dispositivo...
[2025-07-13 19:50:39] ERROR: Puerto 5000 ya está en uso
[2025-07-13 19:50:49] Iniciando aplicación en modo producción...
[2025-07-13 19:50:49] Verificando conexión del dispositivo...
[2025-07-13 19:50:49] ERROR: Puerto 5000 ya está en uso
[2025-07-13 19:50:59] Iniciando aplicación en modo producción...
[2025-07-13 19:50:59] Verificando conexión del dispositivo...
[2025-07-13 19:50:59] ERROR: Puerto 5000 ya está en uso
[2025-07-13 19:51:10] Iniciando aplicación en modo producción...
[2025-07-13 19:51:10] Verificando conexión del dispositivo...
[2025-07-13 19:51:10] ERROR: Puerto 5000 ya está en uso
[2025-07-13 19:51:20] Iniciando aplicación en modo producción...
[2025-07-13 19:51:20] Verificando conexión del dispositivo...
[2025-07-13 19:51:20] ERROR: Puerto 5000 ya está en uso
[2025-07-13 19:51:31] Iniciando aplicación en modo producción...
[2025-07-13 19:51:31] Verificando conexión del dispositivo...
[2025-07-13 19:51:31] ERROR: Puerto 5000 ya está en uso
[2025-07-13 19:51:41] Iniciando aplicación en modo producción...
[2025-07-13 19:51:41] Verificando conexión del dispositivo...
[2025-07-13 19:51:41] ERROR: Puerto 5000 ya está en uso
[2025-07-13 19:51:51] Iniciando aplicación en modo producción...
[2025-07-13 19:51:51] Verificando conexión del dispositivo...
[2025-07-13 19:51:51] ERROR: Puerto 5000 ya está en uso
[2025-07-13 19:52:02] Iniciando aplicación en modo producción...
[2025-07-13 19:52:02] Verificando conexión del dispositivo...
[2025-07-13 19:52:02] ERROR: Puerto 5000 ya está en uso
[2025-07-13 19:52:12] Iniciando aplicación en modo producción...
[2025-07-13 19:52:12] Verificando conexión del dispositivo...
[2025-07-13 19:52:12] ERROR: Puerto 5000 ya está en uso
[2025-07-13 19:52:22] Iniciando aplicación en modo producción...
[2025-07-13 19:52:22] Verificando conexión del dispositivo...
[2025-07-13 19:52:22] ERROR: Puerto 5000 ya está en uso
[2025-07-13 19:52:32] Iniciando aplicación en modo producción...
[2025-07-13 19:52:32] Verificando conexión del dispositivo...
[2025-07-13 19:52:32] ERROR: Puerto 5000 ya está en uso
[2025-07-13 19:52:43] Iniciando aplicación en modo producción...
[2025-07-13 19:52:43] Verificando conexión del dispositivo...
[2025-07-13 19:52:43] ERROR: Puerto 5000 ya está en uso
[2025-07-13 19:52:53] Iniciando aplicación en modo producción...
[2025-07-13 19:52:53] Verificando conexión del dispositivo...
[2025-07-13 19:52:53] ERROR: Puerto 5000 ya está en uso
[2025-07-13 19:53:03] Iniciando aplicación en modo producción...
[2025-07-13 19:53:03] Verificando conexión del dispositivo...
[2025-07-13 19:53:03] ERROR: Puerto 5000 ya está en uso
[2025-07-13 19:53:14] Iniciando aplicación en modo producción...
[2025-07-13 19:53:14] Verificando conexión del dispositivo...
[2025-07-13 19:53:14] ERROR: Puerto 5000 ya está en uso
[2025-07-13 19:53:24] Iniciando aplicación en modo producción...
[2025-07-13 19:53:24] Verificando conexión del dispositivo...
[2025-07-13 19:53:24] ERROR: Puerto 5000 ya está en uso
[2025-07-13 19:53:34] Iniciando aplicación en modo producción...
[2025-07-13 19:53:34] Verificando conexión del dispositivo...
[2025-07-13 19:53:34] ERROR: Puerto 5000 ya está en uso
[2025-07-13 19:53:44] Iniciando aplicación en modo producción...
[2025-07-13 19:53:44] Verificando conexión del dispositivo...
[2025-07-13 19:53:44] ERROR: Puerto 5000 ya está en uso
[2025-07-13 19:53:55] Iniciando aplicación en modo producción...
[2025-07-13 19:53:55] Verificando conexión del dispositivo...
[2025-07-13 19:53:55] ERROR: Puerto 5000 ya está en uso
[2025-07-13 19:54:05] Iniciando aplicación en modo producción...
[2025-07-13 19:54:05] Verificando conexión del dispositivo...
[2025-07-13 19:54:05] ERROR: Puerto 5000 ya está en uso
[2025-07-13 19:54:15] Iniciando aplicación en modo producción...
[2025-07-13 19:54:15] Verificando conexión del dispositivo...
[2025-07-13 19:54:15] ERROR: Puerto 5000 ya está en uso
[2025-07-13 19:54:26] Iniciando aplicación en modo producción...
[2025-07-13 19:54:26] Verificando conexión del dispositivo...
[2025-07-13 19:54:26] ERROR: Puerto 5000 ya está en uso
[2025-07-13 19:54:36] Iniciando aplicación en modo producción...
[2025-07-13 19:54:36] Verificando conexión del dispositivo...
[2025-07-13 19:54:36] ERROR: Puerto 5000 ya está en uso
[2025-07-13 19:54:46] Iniciando aplicación en modo producción...
[2025-07-13 19:54:46] Verificando conexión del dispositivo...
[2025-07-13 19:54:46] ERROR: Puerto 5000 ya está en uso
[2025-07-13 19:54:57] Iniciando aplicación en modo producción...
[2025-07-13 19:54:57] Verificando conexión del dispositivo...
[2025-07-13 19:54:57] ERROR: Puerto 5000 ya está en uso
[2025-07-13 19:55:07] Iniciando aplicación en modo producción...
[2025-07-13 19:55:07] Verificando conexión del dispositivo...
[2025-07-13 19:55:07] ERROR: Puerto 5000 ya está en uso
[2025-07-13 19:55:18] Iniciando aplicación en modo producción...
[2025-07-13 19:55:18] Verificando conexión del dispositivo...
[2025-07-13 19:55:18] ERROR: Puerto 5000 ya está en uso
[2025-07-13 19:55:28] Iniciando aplicación en modo producción...
[2025-07-13 19:55:28] Verificando conexión del dispositivo...
[2025-07-13 19:55:28] ERROR: Puerto 5000 ya está en uso
[2025-07-13 19:55:38] Iniciando aplicación en modo producción...
[2025-07-13 19:55:38] Verificando conexión del dispositivo...
[2025-07-13 19:55:38] ERROR: Puerto 5000 ya está en uso
[2025-07-13 19:55:49] Iniciando aplicación en modo producción...
[2025-07-13 19:55:49] Verificando conexión del dispositivo...
[2025-07-13 19:55:49] ERROR: Puerto 5000 ya está en uso
[2025-07-13 19:55:59] Iniciando aplicación en modo producción...
[2025-07-13 19:55:59] Verificando conexión del dispositivo...
[2025-07-13 19:55:59] ERROR: Puerto 5000 ya está en uso
[2025-07-13 19:56:09] Iniciando aplicación en modo producción...
[2025-07-13 19:56:09] Verificando conexión del dispositivo...
[2025-07-13 19:56:09] ERROR: Puerto 5000 ya está en uso
[2025-07-13 19:56:20] Iniciando aplicación en modo producción...
[2025-07-13 19:56:20] Verificando conexión del dispositivo...
[2025-07-13 19:56:20] ERROR: Puerto 5000 ya está en uso
[2025-07-13 19:56:30] Iniciando aplicación en modo producción...
[2025-07-13 19:56:30] Verificando conexión del dispositivo...
[2025-07-13 19:56:30] ERROR: Puerto 5000 ya está en uso
[2025-07-13 19:56:40] Iniciando aplicación en modo producción...
[2025-07-13 19:56:40] Verificando conexión del dispositivo...
[2025-07-13 19:56:40] ERROR: Puerto 5000 ya está en uso
[2025-07-13 19:56:51] Iniciando aplicación en modo producción...
[2025-07-13 19:56:51] Verificando conexión del dispositivo...
[2025-07-13 19:56:51] ERROR: Puerto 5000 ya está en uso
[2025-07-13 19:57:01] Iniciando aplicación en modo producción...
[2025-07-13 19:57:01] Verificando conexión del dispositivo...
[2025-07-13 19:57:01] ERROR: Puerto 5000 ya está en uso
[2025-07-13 19:57:12] Iniciando aplicación en modo producción...
[2025-07-13 19:57:12] Verificando conexión del dispositivo...
[2025-07-13 19:57:12] ERROR: Puerto 5000 ya está en uso
[2025-07-13 19:57:22] Iniciando aplicación en modo producción...
[2025-07-13 19:57:22] Verificando conexión del dispositivo...
[2025-07-13 19:57:22] ERROR: Puerto 5000 ya está en uso
[2025-07-13 19:57:33] Iniciando aplicación en modo producción...
[2025-07-13 19:57:33] Verificando conexión del dispositivo...
[2025-07-13 19:57:33] ERROR: Puerto 5000 ya está en uso
[2025-07-13 19:57:43] Iniciando aplicación en modo producción...
[2025-07-13 19:57:43] Verificando conexión del dispositivo...
[2025-07-13 19:57:43] ERROR: Puerto 5000 ya está en uso
[2025-07-13 19:57:54] Iniciando aplicación en modo producción...
[2025-07-13 19:57:54] Verificando conexión del dispositivo...
[2025-07-13 19:57:54] ERROR: Puerto 5000 ya está en uso
[2025-07-13 19:58:04] Iniciando aplicación en modo producción...
[2025-07-13 19:58:04] Verificando conexión del dispositivo...
[2025-07-13 19:58:04] ERROR: Puerto 5000 ya está en uso
[2025-07-13 19:58:15] Iniciando aplicación en modo producción...
[2025-07-13 19:58:15] Verificando conexión del dispositivo...
[2025-07-13 19:58:15] ERROR: Puerto 5000 ya está en uso
[2025-07-13 19:58:25] Iniciando aplicación en modo producción...
[2025-07-13 19:58:25] Verificando conexión del dispositivo...
[2025-07-13 19:58:25] ERROR: Puerto 5000 ya está en uso
[2025-07-13 19:58:36] Iniciando aplicación en modo producción...
[2025-07-13 19:58:36] Verificando conexión del dispositivo...
[2025-07-13 19:58:36] ERROR: Puerto 5000 ya está en uso
[2025-07-13 19:58:46] Iniciando aplicación en modo producción...
[2025-07-13 19:58:46] Verificando conexión del dispositivo...
[2025-07-13 19:58:46] ERROR: Puerto 5000 ya está en uso
[2025-07-13 19:58:57] Iniciando aplicación en modo producción...
[2025-07-13 19:58:57] Verificando conexión del dispositivo...
[2025-07-13 19:58:57] ERROR: Puerto 5000 ya está en uso
[2025-07-13 19:59:07] Iniciando aplicación en modo producción...
[2025-07-13 19:59:07] Verificando conexión del dispositivo...
[2025-07-13 19:59:07] ERROR: Puerto 5000 ya está en uso
[2025-07-13 19:59:18] Iniciando aplicación en modo producción...
[2025-07-13 19:59:18] Verificando conexión del dispositivo...
[2025-07-13 19:59:18] ERROR: Puerto 5000 ya está en uso
[2025-07-13 19:59:28] Iniciando aplicación en modo producción...
[2025-07-13 19:59:28] Verificando conexión del dispositivo...
[2025-07-13 19:59:28] ERROR: Puerto 5000 ya está en uso
[2025-07-13 19:59:38] Iniciando aplicación en modo producción...
[2025-07-13 19:59:38] Verificando conexión del dispositivo...
[2025-07-13 19:59:38] ERROR: Puerto 5000 ya está en uso
[2025-07-13 19:59:49] Iniciando aplicación en modo producción...
[2025-07-13 19:59:49] Verificando conexión del dispositivo...
[2025-07-13 19:59:49] ERROR: Puerto 5000 ya está en uso
[2025-07-13 19:59:59] Iniciando aplicación en modo producción...
[2025-07-13 19:59:59] Verificando conexión del dispositivo...
[2025-07-13 19:59:59] ERROR: Puerto 5000 ya está en uso
[2025-07-13 20:00:09] Iniciando aplicación en modo producción...
[2025-07-13 20:00:09] Verificando conexión del dispositivo...
[2025-07-13 20:00:10] ERROR: Puerto 5000 ya está en uso
[2025-07-13 20:00:20] Iniciando aplicación en modo producción...
[2025-07-13 20:00:20] Verificando conexión del dispositivo...
[2025-07-13 20:00:20] ERROR: Puerto 5000 ya está en uso
[2025-07-13 20:00:30] Iniciando aplicación en modo producción...
[2025-07-13 20:00:30] Verificando conexión del dispositivo...
[2025-07-13 20:00:30] ERROR: Puerto 5000 ya está en uso
[2025-07-13 20:00:41] Iniciando aplicación en modo producción...
[2025-07-13 20:00:41] Verificando conexión del dispositivo...
[2025-07-13 20:00:41] ERROR: Puerto 5000 ya está en uso
[2025-07-13 20:00:51] Iniciando aplicación en modo producción...
[2025-07-13 20:00:51] Verificando conexión del dispositivo...
[2025-07-13 20:00:51] ERROR: Puerto 5000 ya está en uso
[2025-07-13 20:01:01] Iniciando aplicación en modo producción...
[2025-07-13 20:01:01] Verificando conexión del dispositivo...
[2025-07-13 20:01:01] ERROR: Puerto 5000 ya está en uso
[2025-07-13 20:01:12] Iniciando aplicación en modo producción...
[2025-07-13 20:01:12] Verificando conexión del dispositivo...
[2025-07-13 20:01:12] ERROR: Puerto 5000 ya está en uso
[2025-07-13 20:01:22] Iniciando aplicación en modo producción...
[2025-07-13 20:01:22] Verificando conexión del dispositivo...
[2025-07-13 20:01:22] ERROR: Puerto 5000 ya está en uso
[2025-07-13 20:01:33] Iniciando aplicación en modo producción...
[2025-07-13 20:01:33] Verificando conexión del dispositivo...
[2025-07-13 20:01:33] ERROR: Puerto 5000 ya está en uso
[2025-07-13 20:01:43] Iniciando aplicación en modo producción...
[2025-07-13 20:01:43] Verificando conexión del dispositivo...
[2025-07-13 20:01:43] ERROR: Puerto 5000 ya está en uso
[2025-07-13 20:01:54] Iniciando aplicación en modo producción...
[2025-07-13 20:01:54] Verificando conexión del dispositivo...
[2025-07-13 20:01:54] ERROR: Puerto 5000 ya está en uso
[2025-07-13 20:02:04] Iniciando aplicación en modo producción...
[2025-07-13 20:02:04] Verificando conexión del dispositivo...
[2025-07-13 20:02:04] ERROR: Puerto 5000 ya está en uso
[2025-07-13 20:02:15] Iniciando aplicación en modo producción...
[2025-07-13 20:02:15] Verificando conexión del dispositivo...
[2025-07-13 20:02:15] ERROR: Puerto 5000 ya está en uso
[2025-07-13 20:02:25] Iniciando aplicación en modo producción...
[2025-07-13 20:02:25] Verificando conexión del dispositivo...
[2025-07-13 20:02:25] ERROR: Puerto 5000 ya está en uso
[2025-07-13 20:02:36] Iniciando aplicación en modo producción...
[2025-07-13 20:02:36] Verificando conexión del dispositivo...
[2025-07-13 20:02:36] ERROR: Puerto 5000 ya está en uso
[2025-07-13 20:02:46] Iniciando aplicación en modo producción...
[2025-07-13 20:02:46] Verificando conexión del dispositivo...
[2025-07-13 20:02:46] ERROR: Puerto 5000 ya está en uso
[2025-07-13 20:02:57] Iniciando aplicación en modo producción...
[2025-07-13 20:02:57] Verificando conexión del dispositivo...
[2025-07-13 20:02:57] Iniciando aplicación en puerto 5000...
[2025-07-13 20:02:57] Aplicación iniciada con PID: 22056
[2025-07-13 20:03:00] ✅ Aplicación iniciada exitosamente
[2025-07-13 20:03:02] ⚠️ API no responde al endpoint de salud
[2025-07-13 20:08:14] Iniciando aplicación en modo producción...
[2025-07-13 20:08:14] Verificando conexión del dispositivo...
[2025-07-13 20:08:14] Iniciando aplicación en puerto 5000...
[2025-07-13 20:08:14] Aplicación iniciada con PID: 22862
[2025-07-13 20:08:17] ✅ Aplicación iniciada exitosamente
[2025-07-13 20:08:19] ⚠️ API no responde al endpoint de salud
[2025-07-13 20:11:05] Iniciando aplicación en modo producción...
[2025-07-13 20:11:05] Verificando conexión del dispositivo...
[2025-07-13 20:11:05] Iniciando aplicación en puerto 5000...
[2025-07-13 20:11:05] Aplicación iniciada con PID: 23348
[2025-07-13 20:11:08] ❌ Error: La aplicación no se inició correctamente
[2025-07-13 20:11:18] Iniciando aplicación en modo producción...
[2025-07-13 20:11:18] Verificando conexión del dispositivo...
[2025-07-13 20:11:18] ERROR: Puerto 5000 ya está en uso
[2025-07-13 20:11:29] Iniciando aplicación en modo producción...
[2025-07-13 20:11:29] Verificando conexión del dispositivo...
[2025-07-13 20:11:29] ERROR: Puerto 5000 ya está en uso
[2025-07-13 20:11:39] Iniciando aplicación en modo producción...
[2025-07-13 20:11:39] Verificando conexión del dispositivo...
[2025-07-13 20:11:39] ERROR: Puerto 5000 ya está en uso
[2025-07-13 20:11:49] Iniciando aplicación en modo producción...
[2025-07-13 20:11:49] Verificando conexión del dispositivo...
[2025-07-13 20:11:49] ERROR: Puerto 5000 ya está en uso
[2025-07-13 20:11:59] Iniciando aplicación en modo producción...
[2025-07-13 20:11:59] Verificando conexión del dispositivo...
[2025-07-13 20:11:59] ERROR: Puerto 5000 ya está en uso
[2025-07-13 20:12:10] Iniciando aplicación en modo producción...
[2025-07-13 20:12:10] Verificando conexión del dispositivo...
[2025-07-13 20:12:10] ERROR: Puerto 5000 ya está en uso
[2025-07-13 20:12:20] Iniciando aplicación en modo producción...
[2025-07-13 20:12:20] Verificando conexión del dispositivo...
[2025-07-13 20:12:20] ERROR: Puerto 5000 ya está en uso
[2025-07-13 20:12:30] Iniciando aplicación en modo producción...
[2025-07-13 20:12:30] Verificando conexión del dispositivo...
[2025-07-13 20:12:31] ERROR: Puerto 5000 ya está en uso
[2025-07-13 20:12:41] Iniciando aplicación en modo producción...
[2025-07-13 20:12:41] Verificando conexión del dispositivo...
[2025-07-13 20:12:41] WARNING: Dispositivo SecuGen no detectado
[2025-07-13 20:12:41] ERROR: Puerto 5000 ya está en uso
[2025-07-13 20:12:52] Iniciando aplicación en modo producción...
[2025-07-13 20:12:52] Verificando conexión del dispositivo...
[2025-07-13 20:12:52] ERROR: Puerto 5000 ya está en uso
[2025-07-13 20:13:02] Iniciando aplicación en modo producción...
[2025-07-13 20:13:02] Verificando conexión del dispositivo...
[2025-07-13 20:13:02] ERROR: Puerto 5000 ya está en uso
[2025-07-13 20:13:13] Iniciando aplicación en modo producción...
[2025-07-13 20:13:13] Verificando conexión del dispositivo...
[2025-07-13 20:13:13] ERROR: Puerto 5000 ya está en uso
[2025-07-13 20:13:23] Iniciando aplicación en modo producción...
[2025-07-13 20:13:23] Verificando conexión del dispositivo...
[2025-07-13 20:13:23] ERROR: Puerto 5000 ya está en uso
[2025-07-13 20:13:33] Iniciando aplicación en modo producción...
[2025-07-13 20:13:33] Verificando conexión del dispositivo...
[2025-07-13 20:13:33] ERROR: Puerto 5000 ya está en uso
[2025-07-13 20:13:44] Iniciando aplicación en modo producción...
[2025-07-13 20:13:44] Verificando conexión del dispositivo...
[2025-07-13 20:13:44] ERROR: Puerto 5000 ya está en uso
[2025-07-13 20:13:54] Iniciando aplicación en modo producción...
[2025-07-13 20:13:54] Verificando conexión del dispositivo...
[2025-07-13 20:13:54] ERROR: Puerto 5000 ya está en uso
[2025-07-13 20:14:04] Iniciando aplicación en modo producción...
[2025-07-13 20:14:04] Verificando conexión del dispositivo...
[2025-07-13 20:14:04] ERROR: Puerto 5000 ya está en uso
[2025-07-13 20:14:14] Iniciando aplicación en modo producción...
[2025-07-13 20:14:14] Verificando conexión del dispositivo...
[2025-07-13 20:14:14] ERROR: Puerto 5000 ya está en uso
[2025-07-13 20:14:25] Iniciando aplicación en modo producción...
[2025-07-13 20:14:25] Verificando conexión del dispositivo...
[2025-07-13 20:14:25] ERROR: Puerto 5000 ya está en uso
[2025-07-13 20:14:35] Iniciando aplicación en modo producción...
[2025-07-13 20:14:35] Verificando conexión del dispositivo...
[2025-07-13 20:14:35] ERROR: Puerto 5000 ya está en uso
[2025-07-13 20:14:45] Iniciando aplicación en modo producción...
[2025-07-13 20:14:45] Verificando conexión del dispositivo...
[2025-07-13 20:14:45] ERROR: Puerto 5000 ya está en uso
[2025-07-13 20:14:55] Iniciando aplicación en modo producción...
[2025-07-13 20:14:55] Verificando conexión del dispositivo...
[2025-07-13 20:14:55] ERROR: Puerto 5000 ya está en uso
[2025-07-13 20:15:05] Iniciando aplicación en modo producción...
[2025-07-13 20:15:05] Verificando conexión del dispositivo...
[2025-07-13 20:15:06] ERROR: Puerto 5000 ya está en uso
[2025-07-13 20:15:16] Iniciando aplicación en modo producción...
[2025-07-13 20:15:16] Verificando conexión del dispositivo...
[2025-07-13 20:15:16] ERROR: Puerto 5000 ya está en uso
[2025-07-13 20:15:26] Iniciando aplicación en modo producción...
[2025-07-13 20:15:26] Verificando conexión del dispositivo...
[2025-07-13 20:15:26] ERROR: Puerto 5000 ya está en uso
[2025-07-13 20:15:36] Iniciando aplicación en modo producción...
[2025-07-13 20:15:36] Verificando conexión del dispositivo...
[2025-07-13 20:15:36] ERROR: Puerto 5000 ya está en uso
[2025-07-13 20:15:46] Iniciando aplicación en modo producción...
[2025-07-13 20:15:46] Verificando conexión del dispositivo...
[2025-07-13 20:15:47] ERROR: Puerto 5000 ya está en uso
[2025-07-13 20:15:57] Iniciando aplicación en modo producción...
[2025-07-13 20:15:57] Verificando conexión del dispositivo...
[2025-07-13 20:15:57] Iniciando aplicación en puerto 5000...
[2025-07-13 20:15:57] Aplicación iniciada con PID: 24980
[2025-07-13 20:16:00] ✅ Aplicación iniciada exitosamente
[2025-07-13 20:16:02] ⚠️ API no responde al endpoint de salud
[2025-07-13 20:56:10] Iniciando aplicación en modo producción...
[2025-07-13 20:56:10] Verificando conexión del dispositivo...
[2025-07-13 20:56:10] Iniciando aplicación en puerto 5000...
[2025-07-13 20:56:10] Aplicación iniciada con PID: 932
[2025-07-13 20:56:13] ✅ Aplicación iniciada exitosamente
[2025-07-13 20:56:15] ⚠️ API no responde al endpoint de salud
[2025-07-13 21:23:17] Iniciando aplicación en modo producción...
[2025-07-13 21:23:17] Verificando conexión del dispositivo...
[2025-07-13 21:23:17] Iniciando aplicación en puerto 5000...
[2025-07-13 21:23:17] Aplicación iniciada con PID: 10017
[2025-07-13 21:23:21] ✅ Aplicación iniciada exitosamente
[2025-07-13 21:23:23] ⚠️ API no responde al endpoint de salud
[2025-07-13 21:34:37] Iniciando aplicación en modo producción...
[2025-07-13 21:34:37] Verificando conexión del dispositivo...
[2025-07-13 21:34:37] Iniciando aplicación en puerto 5000...
[2025-07-13 21:34:37] Aplicación iniciada con PID: 11580
[2025-07-13 21:34:40] ✅ Aplicación iniciada exitosamente
[2025-07-13 21:34:42] ⚠️ API no responde al endpoint de salud
[2025-07-13 21:39:55] Iniciando aplicación en modo producción...
[2025-07-13 21:39:55] Verificando conexión del dispositivo...
[2025-07-13 21:39:55] Iniciando aplicación en puerto 5000...
[2025-07-13 21:39:55] Aplicación iniciada con PID: 11996
[2025-07-13 21:39:58] ✅ Aplicación iniciada exitosamente
[2025-07-13 21:40:00] ⚠️ API no responde al endpoint de salud
[2025-07-13 21:44:25] Iniciando aplicación en modo producción...
[2025-07-13 21:44:25] Verificando conexión del dispositivo...
[2025-07-13 21:44:25] Iniciando aplicación en puerto 5000...
[2025-07-13 21:44:25] Aplicación iniciada con PID: 12967
[2025-07-13 21:44:28] ✅ Aplicación iniciada exitosamente
[2025-07-13 21:44:30] ⚠️ API no responde al endpoint de salud
[2025-07-13 21:47:40] Iniciando aplicación en modo producción...
[2025-07-13 21:47:40] Verificando conexión del dispositivo...
[2025-07-13 21:47:41] Iniciando aplicación en puerto 5000...
[2025-07-13 21:47:41] Aplicación iniciada con PID: 13255
[2025-07-13 21:47:44] ✅ Aplicación iniciada exitosamente
[2025-07-13 21:47:46] ⚠️ API no responde al endpoint de salud
[2025-07-13 21:56:09] Iniciando aplicación en modo producción...
[2025-07-13 21:56:09] Verificando conexión del dispositivo...
[2025-07-13 21:56:09] Iniciando aplicación en puerto 5000...
[2025-07-13 21:56:09] Aplicación iniciada con PID: 13975
[2025-07-13 21:56:12] ✅ Aplicación iniciada exitosamente
[2025-07-13 21:56:14] ⚠️ API no responde al endpoint de salud
[2025-07-13 22:06:43] Iniciando aplicación en modo producción...
[2025-07-13 22:06:43] Verificando conexión del dispositivo...
[2025-07-13 22:06:43] Iniciando aplicación en puerto 5000...
[2025-07-13 22:06:43] Aplicación iniciada con PID: 944
[2025-07-13 22:06:46] ✅ Aplicación iniciada exitosamente
[2025-07-13 22:06:48] ⚠️ API no responde al endpoint de salud
[2025-07-14 02:09:17] Iniciando aplicación en modo producción...
[2025-07-14 02:09:17] Verificando conexión del dispositivo...
[2025-07-14 02:09:17] ERROR: Puerto 5000 ya está en uso
[2025-07-14 02:09:27] Iniciando aplicación en modo producción...
[2025-07-14 02:09:27] Verificando conexión del dispositivo...
[2025-07-14 02:09:27] ERROR: Puerto 5000 ya está en uso
[2025-07-14 02:09:37] Iniciando aplicación en modo producción...
[2025-07-14 02:09:37] Verificando conexión del dispositivo...
[2025-07-14 02:09:37] ERROR: Puerto 5000 ya está en uso
[2025-07-14 02:09:47] Iniciando aplicación en modo producción...
[2025-07-14 02:09:47] Verificando conexión del dispositivo...
[2025-07-14 02:09:47] ERROR: Puerto 5000 ya está en uso
[2025-07-14 02:09:58] Iniciando aplicación en modo producción...
[2025-07-14 02:09:58] Verificando conexión del dispositivo...
[2025-07-14 02:09:58] ERROR: Puerto 5000 ya está en uso
[2025-07-14 02:10:08] Iniciando aplicación en modo producción...
[2025-07-14 02:10:08] Verificando conexión del dispositivo...
[2025-07-14 02:10:08] ERROR: Puerto 5000 ya está en uso
[2025-07-14 02:10:18] Iniciando aplicación en modo producción...
[2025-07-14 02:10:18] Verificando conexión del dispositivo...
[2025-07-14 02:10:18] ERROR: Puerto 5000 ya está en uso
[2025-07-14 02:10:29] Iniciando aplicación en modo producción...
[2025-07-14 02:10:29] Verificando conexión del dispositivo...
[2025-07-14 02:10:29] ERROR: Puerto 5000 ya está en uso
[2025-07-14 02:10:39] Iniciando aplicación en modo producción...
[2025-07-14 02:10:39] Verificando conexión del dispositivo...
[2025-07-14 02:10:39] ERROR: Puerto 5000 ya está en uso
[2025-07-14 02:10:49] Iniciando aplicación en modo producción...
[2025-07-14 02:10:49] Verificando conexión del dispositivo...
[2025-07-14 02:10:49] ERROR: Puerto 5000 ya está en uso
[2025-07-14 02:10:59] Iniciando aplicación en modo producción...
[2025-07-14 02:10:59] Verificando conexión del dispositivo...
[2025-07-14 02:10:59] ERROR: Puerto 5000 ya está en uso
[2025-07-14 02:11:10] Iniciando aplicación en modo producción...
[2025-07-14 02:11:10] Verificando conexión del dispositivo...
[2025-07-14 02:11:10] Iniciando aplicación en puerto 5000...
[2025-07-14 02:11:10] Aplicación iniciada con PID: 18534
[2025-07-14 02:11:13] ✅ Aplicación iniciada exitosamente
[2025-07-14 02:11:15] ⚠️ API no responde al endpoint de salud
[2025-07-14 02:11:45] Iniciando aplicación en modo producción...
[2025-07-14 02:11:45] Verificando conexión del dispositivo...
[2025-07-14 02:11:45] Iniciando aplicación en puerto 5000...
[2025-07-14 02:11:45] Aplicación iniciada con PID: 18743
[2025-07-14 02:11:48] ✅ Aplicación iniciada exitosamente
[2025-07-14 02:11:50] ⚠️ API no responde al endpoint de salud
[2025-07-14 02:12:24] Iniciando aplicación en modo producción...
[2025-07-14 02:12:24] Verificando conexión del dispositivo...
[2025-07-14 02:12:24] Iniciando aplicación en puerto 5000...
[2025-07-14 02:12:24] Aplicación iniciada con PID: 18949
[2025-07-14 02:12:27] ✅ Aplicación iniciada exitosamente
[2025-07-14 02:12:29] ⚠️ API no responde al endpoint de salud
[2025-07-14 02:17:07] Iniciando aplicación en modo producción...
[2025-07-14 02:17:07] Verificando conexión del dispositivo...
[2025-07-14 02:17:07] ERROR: Puerto 5000 ya está en uso
[2025-07-14 02:17:18] Iniciando aplicación en modo producción...
[2025-07-14 02:17:18] Verificando conexión del dispositivo...
[2025-07-14 02:17:18] ERROR: Puerto 5000 ya está en uso
[2025-07-14 02:17:28] Iniciando aplicación en modo producción...
[2025-07-14 02:17:28] Verificando conexión del dispositivo...
[2025-07-14 02:17:28] ERROR: Puerto 5000 ya está en uso
[2025-07-14 02:17:38] Iniciando aplicación en modo producción...
[2025-07-14 02:17:38] Verificando conexión del dispositivo...
[2025-07-14 02:17:38] ERROR: Puerto 5000 ya está en uso
[2025-07-14 02:17:48] Iniciando aplicación en modo producción...
[2025-07-14 02:17:48] Verificando conexión del dispositivo...
[2025-07-14 02:17:48] ERROR: Puerto 5000 ya está en uso
[2025-07-14 02:17:59] Iniciando aplicación en modo producción...
[2025-07-14 02:17:59] Verificando conexión del dispositivo...
[2025-07-14 02:17:59] ERROR: Puerto 5000 ya está en uso
[2025-07-14 02:18:09] Iniciando aplicación en modo producción...
[2025-07-14 02:18:09] Verificando conexión del dispositivo...
[2025-07-14 02:18:09] ERROR: Puerto 5000 ya está en uso
[2025-07-14 02:18:19] Iniciando aplicación en modo producción...
[2025-07-14 02:18:19] Verificando conexión del dispositivo...
[2025-07-14 02:18:19] ERROR: Puerto 5000 ya está en uso
[2025-07-14 02:18:29] Iniciando aplicación en modo producción...
[2025-07-14 02:18:29] Verificando conexión del dispositivo...
[2025-07-14 02:18:29] ERROR: Puerto 5000 ya está en uso
[2025-07-14 02:18:40] Iniciando aplicación en modo producción...
[2025-07-14 02:18:40] Verificando conexión del dispositivo...
[2025-07-14 02:18:40] ERROR: Puerto 5000 ya está en uso
[2025-07-14 02:18:50] Iniciando aplicación en modo producción...
[2025-07-14 02:18:50] Verificando conexión del dispositivo...
[2025-07-14 02:18:50] ERROR: Puerto 5000 ya está en uso
[2025-07-14 02:19:00] Iniciando aplicación en modo producción...
[2025-07-14 02:19:00] Verificando conexión del dispositivo...
[2025-07-14 02:19:00] ERROR: Puerto 5000 ya está en uso
[2025-07-14 02:19:10] Iniciando aplicación en modo producción...
[2025-07-14 02:19:10] Verificando conexión del dispositivo...
[2025-07-14 02:19:10] ERROR: Puerto 5000 ya está en uso
[2025-07-14 02:19:21] Iniciando aplicación en modo producción...
[2025-07-14 02:19:21] Verificando conexión del dispositivo...
[2025-07-14 02:19:21] ERROR: Puerto 5000 ya está en uso
[2025-07-14 02:19:31] Iniciando aplicación en modo producción...
[2025-07-14 02:19:31] Verificando conexión del dispositivo...
[2025-07-14 02:19:31] ERROR: Puerto 5000 ya está en uso
[2025-07-14 02:19:41] Iniciando aplicación en modo producción...
[2025-07-14 02:19:41] Verificando conexión del dispositivo...
[2025-07-14 02:19:41] ERROR: Puerto 5000 ya está en uso
[2025-07-14 02:19:51] Iniciando aplicación en modo producción...
[2025-07-14 02:19:51] Verificando conexión del dispositivo...
[2025-07-14 02:19:51] ERROR: Puerto 5000 ya está en uso
[2025-07-14 02:20:02] Iniciando aplicación en modo producción...
[2025-07-14 02:20:02] Verificando conexión del dispositivo...
[2025-07-14 02:20:02] ERROR: Puerto 5000 ya está en uso
[2025-07-14 02:20:12] Iniciando aplicación en modo producción...
[2025-07-14 02:20:12] Verificando conexión del dispositivo...
[2025-07-14 02:20:12] ERROR: Puerto 5000 ya está en uso
[2025-07-14 02:20:22] Iniciando aplicación en modo producción...
[2025-07-14 02:20:22] Verificando conexión del dispositivo...
[2025-07-14 02:20:22] ERROR: Puerto 5000 ya está en uso
[2025-07-14 02:20:32] Iniciando aplicación en modo producción...
[2025-07-14 02:20:32] Verificando conexión del dispositivo...
[2025-07-14 02:20:32] ERROR: Puerto 5000 ya está en uso
[2025-07-14 02:20:43] Iniciando aplicación en modo producción...
[2025-07-14 02:20:43] Verificando conexión del dispositivo...
[2025-07-14 02:20:43] ERROR: Puerto 5000 ya está en uso
[2025-07-14 02:20:53] Iniciando aplicación en modo producción...
[2025-07-14 02:20:53] Verificando conexión del dispositivo...
[2025-07-14 02:20:53] ERROR: Puerto 5000 ya está en uso
[2025-07-14 02:21:03] Iniciando aplicación en modo producción...
[2025-07-14 02:21:03] Verificando conexión del dispositivo...
[2025-07-14 02:21:03] ERROR: Puerto 5000 ya está en uso
[2025-07-14 02:21:13] Iniciando aplicación en modo producción...
[2025-07-14 02:21:13] Verificando conexión del dispositivo...
[2025-07-14 02:21:13] ERROR: Puerto 5000 ya está en uso
[2025-07-14 02:21:24] Iniciando aplicación en modo producción...
[2025-07-14 02:21:24] Verificando conexión del dispositivo...
[2025-07-14 02:21:24] ERROR: Puerto 5000 ya está en uso
[2025-07-14 02:21:34] Iniciando aplicación en modo producción...
[2025-07-14 02:21:34] Verificando conexión del dispositivo...
[2025-07-14 02:21:34] ERROR: Puerto 5000 ya está en uso
[2025-07-14 02:21:44] Iniciando aplicación en modo producción...
[2025-07-14 02:21:44] Verificando conexión del dispositivo...
[2025-07-14 02:21:44] ERROR: Puerto 5000 ya está en uso
[2025-07-14 02:21:54] Iniciando aplicación en modo producción...
[2025-07-14 02:21:54] Verificando conexión del dispositivo...
[2025-07-14 02:21:54] ERROR: Puerto 5000 ya está en uso
[2025-07-14 02:22:05] Iniciando aplicación en modo producción...
[2025-07-14 02:22:05] Verificando conexión del dispositivo...
[2025-07-14 02:22:05] ERROR: Puerto 5000 ya está en uso
[2025-07-14 02:22:15] Iniciando aplicación en modo producción...
[2025-07-14 02:22:15] Verificando conexión del dispositivo...
[2025-07-14 02:22:15] ERROR: Puerto 5000 ya está en uso
[2025-07-14 02:22:25] Iniciando aplicación en modo producción...
[2025-07-14 02:22:25] Verificando conexión del dispositivo...
[2025-07-14 02:22:25] ERROR: Puerto 5000 ya está en uso
[2025-07-14 02:22:35] Iniciando aplicación en modo producción...
[2025-07-14 02:22:35] Verificando conexión del dispositivo...
[2025-07-14 02:22:35] ERROR: Puerto 5000 ya está en uso
[2025-07-14 02:22:46] Iniciando aplicación en modo producción...
[2025-07-14 02:22:46] Verificando conexión del dispositivo...
[2025-07-14 02:22:46] ERROR: Puerto 5000 ya está en uso
[2025-07-14 02:22:56] Iniciando aplicación en modo producción...
[2025-07-14 02:22:56] Verificando conexión del dispositivo...
[2025-07-14 02:22:56] ERROR: Puerto 5000 ya está en uso
[2025-07-14 02:23:06] Iniciando aplicación en modo producción...
[2025-07-14 02:23:06] Verificando conexión del dispositivo...
[2025-07-14 02:23:06] ERROR: Puerto 5000 ya está en uso
[2025-07-14 02:23:16] Iniciando aplicación en modo producción...
[2025-07-14 02:23:16] Verificando conexión del dispositivo...
[2025-07-14 02:23:16] ERROR: Puerto 5000 ya está en uso
[2025-07-14 02:23:27] Iniciando aplicación en modo producción...
[2025-07-14 02:23:27] Verificando conexión del dispositivo...
[2025-07-14 02:23:27] ERROR: Puerto 5000 ya está en uso
[2025-07-14 02:23:37] Iniciando aplicación en modo producción...
[2025-07-14 02:23:37] Verificando conexión del dispositivo...
[2025-07-14 02:23:37] ERROR: Puerto 5000 ya está en uso
[2025-07-14 02:23:47] Iniciando aplicación en modo producción...
[2025-07-14 02:23:47] Verificando conexión del dispositivo...
[2025-07-14 02:23:47] ERROR: Puerto 5000 ya está en uso
[2025-07-14 02:23:57] Iniciando aplicación en modo producción...
[2025-07-14 02:23:57] Verificando conexión del dispositivo...
[2025-07-14 02:23:57] ERROR: Puerto 5000 ya está en uso
[2025-07-14 02:24:08] Iniciando aplicación en modo producción...
[2025-07-14 02:24:08] Verificando conexión del dispositivo...
[2025-07-14 02:24:08] ERROR: Puerto 5000 ya está en uso
[2025-07-14 02:24:18] Iniciando aplicación en modo producción...
[2025-07-14 02:24:18] Verificando conexión del dispositivo...
[2025-07-14 02:24:18] ERROR: Puerto 5000 ya está en uso
[2025-07-14 02:24:28] Iniciando aplicación en modo producción...
[2025-07-14 02:24:28] Verificando conexión del dispositivo...
[2025-07-14 02:24:28] ERROR: Puerto 5000 ya está en uso
[2025-07-14 02:24:38] Iniciando aplicación en modo producción...
[2025-07-14 02:24:38] Verificando conexión del dispositivo...
[2025-07-14 02:24:38] ERROR: Puerto 5000 ya está en uso
[2025-07-14 02:24:49] Iniciando aplicación en modo producción...
[2025-07-14 02:24:49] Verificando conexión del dispositivo...
[2025-07-14 02:24:49] ERROR: Puerto 5000 ya está en uso
[2025-07-14 02:24:59] Iniciando aplicación en modo producción...
[2025-07-14 02:24:59] Verificando conexión del dispositivo...
[2025-07-14 02:24:59] ERROR: Puerto 5000 ya está en uso
[2025-07-14 02:25:09] Iniciando aplicación en modo producción...
[2025-07-14 02:25:09] Verificando conexión del dispositivo...
[2025-07-14 02:25:09] ERROR: Puerto 5000 ya está en uso
[2025-07-14 02:25:19] Iniciando aplicación en modo producción...
[2025-07-14 02:25:19] Verificando conexión del dispositivo...
[2025-07-14 02:25:19] ERROR: Puerto 5000 ya está en uso
[2025-07-14 02:25:30] Iniciando aplicación en modo producción...
[2025-07-14 02:25:30] Verificando conexión del dispositivo...
[2025-07-14 02:25:30] ERROR: Puerto 5000 ya está en uso
[2025-07-14 02:25:40] Iniciando aplicación en modo producción...
[2025-07-14 02:25:40] Verificando conexión del dispositivo...
[2025-07-14 02:25:40] ERROR: Puerto 5000 ya está en uso
[2025-07-14 02:25:50] Iniciando aplicación en modo producción...
[2025-07-14 02:25:50] Verificando conexión del dispositivo...
[2025-07-14 02:25:50] ERROR: Puerto 5000 ya está en uso
[2025-07-14 02:26:00] Iniciando aplicación en modo producción...
[2025-07-14 02:26:00] Verificando conexión del dispositivo...
[2025-07-14 02:26:00] ERROR: Puerto 5000 ya está en uso
[2025-07-14 02:26:11] Iniciando aplicación en modo producción...
[2025-07-14 02:26:11] Verificando conexión del dispositivo...
[2025-07-14 02:26:11] ERROR: Puerto 5000 ya está en uso
[2025-07-14 02:26:21] Iniciando aplicación en modo producción...
[2025-07-14 02:26:21] Verificando conexión del dispositivo...
[2025-07-14 02:26:21] ERROR: Puerto 5000 ya está en uso
[2025-07-14 02:26:31] Iniciando aplicación en modo producción...
[2025-07-14 02:26:31] Verificando conexión del dispositivo...
[2025-07-14 02:26:31] ERROR: Puerto 5000 ya está en uso
[2025-07-14 02:26:41] Iniciando aplicación en modo producción...
[2025-07-14 02:26:41] Verificando conexión del dispositivo...
[2025-07-14 02:26:41] WARNING: Dispositivo SecuGen no detectado
[2025-07-14 02:26:41] ERROR: Puerto 5000 ya está en uso
[2025-07-14 02:26:51] Iniciando aplicación en modo producción...
[2025-07-14 02:26:51] Verificando conexión del dispositivo...
[2025-07-14 02:26:51] ERROR: Puerto 5000 ya está en uso
[2025-07-14 02:27:02] Iniciando aplicación en modo producción...
[2025-07-14 02:27:02] Verificando conexión del dispositivo...
[2025-07-14 02:27:02] ERROR: Puerto 5000 ya está en uso
[2025-07-14 02:27:12] Iniciando aplicación en modo producción...
[2025-07-14 02:27:12] Verificando conexión del dispositivo...
[2025-07-14 02:27:12] ERROR: Puerto 5000 ya está en uso
[2025-07-14 02:27:22] Iniciando aplicación en modo producción...
[2025-07-14 02:27:22] Verificando conexión del dispositivo...
[2025-07-14 02:27:22] ERROR: Puerto 5000 ya está en uso
[2025-07-14 02:27:32] Iniciando aplicación en modo producción...
[2025-07-14 02:27:32] Verificando conexión del dispositivo...
[2025-07-14 02:27:32] ERROR: Puerto 5000 ya está en uso
[2025-07-14 02:27:43] Iniciando aplicación en modo producción...
[2025-07-14 02:27:43] Verificando conexión del dispositivo...
[2025-07-14 02:27:43] ERROR: Puerto 5000 ya está en uso
[2025-07-14 02:27:53] Iniciando aplicación en modo producción...
[2025-07-14 02:27:53] Verificando conexión del dispositivo...
[2025-07-14 02:27:53] ERROR: Puerto 5000 ya está en uso
[2025-07-14 02:28:03] Iniciando aplicación en modo producción...
[2025-07-14 02:28:03] Verificando conexión del dispositivo...
[2025-07-14 02:28:03] ERROR: Puerto 5000 ya está en uso
[2025-07-14 02:28:13] Iniciando aplicación en modo producción...
[2025-07-14 02:28:13] Verificando conexión del dispositivo...
[2025-07-14 02:28:13] ERROR: Puerto 5000 ya está en uso
[2025-07-14 02:28:24] Iniciando aplicación en modo producción...
[2025-07-14 02:28:24] Verificando conexión del dispositivo...
[2025-07-14 02:28:24] ERROR: Puerto 5000 ya está en uso
[2025-07-14 02:28:34] Iniciando aplicación en modo producción...
[2025-07-14 02:28:34] Verificando conexión del dispositivo...
[2025-07-14 02:28:34] ERROR: Puerto 5000 ya está en uso
[2025-07-14 02:28:44] Iniciando aplicación en modo producción...
[2025-07-14 02:28:44] Verificando conexión del dispositivo...
[2025-07-14 02:28:44] ERROR: Puerto 5000 ya está en uso
[2025-07-14 02:28:54] Iniciando aplicación en modo producción...
[2025-07-14 02:28:54] Verificando conexión del dispositivo...
[2025-07-14 02:28:54] ERROR: Puerto 5000 ya está en uso
[2025-07-14 02:29:05] Iniciando aplicación en modo producción...
[2025-07-14 02:29:05] Verificando conexión del dispositivo...
[2025-07-14 02:29:05] ERROR: Puerto 5000 ya está en uso
[2025-07-14 02:29:15] Iniciando aplicación en modo producción...
[2025-07-14 02:29:15] Verificando conexión del dispositivo...
[2025-07-14 02:29:15] ERROR: Puerto 5000 ya está en uso
[2025-07-14 02:29:25] Iniciando aplicación en modo producción...
[2025-07-14 02:29:25] Verificando conexión del dispositivo...
[2025-07-14 02:29:25] ERROR: Puerto 5000 ya está en uso
[2025-07-14 02:29:35] Iniciando aplicación en modo producción...
[2025-07-14 02:29:35] Verificando conexión del dispositivo...
[2025-07-14 02:29:35] Iniciando aplicación en puerto 5000...
[2025-07-14 02:29:35] Aplicación iniciada con PID: 24041
[2025-07-14 02:29:38] ✅ Aplicación iniciada exitosamente
[2025-07-14 02:29:41] ⚠️ API no responde al endpoint de salud
[2025-07-14 02:31:25] Iniciando aplicación en modo producción...
[2025-07-14 02:31:25] Verificando conexión del dispositivo...
[2025-07-14 02:31:25] Iniciando aplicación en puerto 5000...
[2025-07-14 02:31:25] Aplicación iniciada con PID: 24528
[2025-07-14 02:31:28] ✅ Aplicación iniciada exitosamente
[2025-07-14 02:31:30] ⚠️ API no responde al endpoint de salud
[2025-07-14 02:41:21] Iniciando aplicación en modo producción...
[2025-07-14 02:41:21] Verificando conexión del dispositivo...
[2025-07-14 02:41:21] Iniciando aplicación en puerto 5000...
[2025-07-14 02:41:21] Aplicación iniciada con PID: 25512
[2025-07-14 02:41:24] ✅ Aplicación iniciada exitosamente
[2025-07-14 02:41:27] ⚠️ API no responde al endpoint de salud
[2025-07-14 02:42:07] Iniciando aplicación en modo producción...
[2025-07-14 02:42:07] Verificando conexión del dispositivo...
[2025-07-14 02:42:07] Iniciando aplicación en puerto 5000...
[2025-07-14 02:42:07] Aplicación iniciada con PID: 25685
[2025-07-14 02:42:10] ✅ Aplicación iniciada exitosamente
[2025-07-14 02:42:12] ⚠️ API no responde al endpoint de salud
[2025-07-14 02:47:33] Iniciando aplicación en modo producción...
[2025-07-14 02:47:33] Verificando conexión del dispositivo...
[2025-07-14 02:47:33] Iniciando aplicación en puerto 5000...
[2025-07-14 02:47:33] Aplicación iniciada con PID: 26495
[2025-07-14 02:47:36] ✅ Aplicación iniciada exitosamente
[2025-07-14 02:47:39] ⚠️ API no responde al endpoint de salud
[2025-07-14 02:47:58] Iniciando aplicación en modo producción...
[2025-07-14 02:47:58] Verificando conexión del dispositivo...
[2025-07-14 02:47:58] Iniciando aplicación en puerto 5000...
[2025-07-14 02:47:58] Aplicación iniciada con PID: 26636
[2025-07-14 02:48:01] ✅ Aplicación iniciada exitosamente
[2025-07-14 02:48:04] ⚠️ API no responde al endpoint de salud
[2025-07-14 02:49:31] Iniciando aplicación en modo producción...
[2025-07-14 02:49:31] Verificando conexión del dispositivo...
[2025-07-14 02:49:31] Iniciando aplicación en puerto 5000...
[2025-07-14 02:49:31] Aplicación iniciada con PID: 27070
[2025-07-14 02:49:34] ✅ Aplicación iniciada exitosamente
[2025-07-14 02:49:36] ⚠️ API no responde al endpoint de salud
[2025-07-14 02:59:43] Iniciando aplicación en modo producción...
[2025-07-14 02:59:43] Verificando conexión del dispositivo...
[2025-07-14 02:59:43] ERROR: Puerto 5000 ya está en uso
[2025-07-14 02:59:53] Iniciando aplicación en modo producción...
[2025-07-14 02:59:53] Verificando conexión del dispositivo...
[2025-07-14 02:59:53] ERROR: Puerto 5000 ya está en uso
[2025-07-14 03:00:03] Iniciando aplicación en modo producción...
[2025-07-14 03:00:03] Verificando conexión del dispositivo...
[2025-07-14 03:00:03] ERROR: Puerto 5000 ya está en uso
[2025-07-14 03:00:14] Iniciando aplicación en modo producción...
[2025-07-14 03:00:14] Verificando conexión del dispositivo...
[2025-07-14 03:00:14] ERROR: Puerto 5000 ya está en uso
[2025-07-14 03:00:24] Iniciando aplicación en modo producción...
[2025-07-14 03:00:24] Verificando conexión del dispositivo...
[2025-07-14 03:00:24] ERROR: Puerto 5000 ya está en uso
[2025-07-14 03:00:34] Iniciando aplicación en modo producción...
[2025-07-14 03:00:34] Verificando conexión del dispositivo...
[2025-07-14 03:00:34] ERROR: Puerto 5000 ya está en uso
[2025-07-14 03:00:44] Iniciando aplicación en modo producción...
[2025-07-14 03:00:44] Verificando conexión del dispositivo...
[2025-07-14 03:00:44] ERROR: Puerto 5000 ya está en uso
[2025-07-14 03:00:55] Iniciando aplicación en modo producción...
[2025-07-14 03:00:55] Verificando conexión del dispositivo...
[2025-07-14 03:00:55] ERROR: Puerto 5000 ya está en uso
[2025-07-14 03:01:05] Iniciando aplicación en modo producción...
[2025-07-14 03:01:05] Verificando conexión del dispositivo...
[2025-07-14 03:01:05] ERROR: Puerto 5000 ya está en uso
[2025-07-14 03:01:15] Iniciando aplicación en modo producción...
[2025-07-14 03:01:15] Verificando conexión del dispositivo...
[2025-07-14 03:01:15] ERROR: Puerto 5000 ya está en uso
[2025-07-14 03:01:25] Iniciando aplicación en modo producción...
[2025-07-14 03:01:25] Verificando conexión del dispositivo...
[2025-07-14 03:01:25] ERROR: Puerto 5000 ya está en uso
[2025-07-14 03:01:36] Iniciando aplicación en modo producción...
[2025-07-14 03:01:36] Verificando conexión del dispositivo...
[2025-07-14 03:01:36] ERROR: Puerto 5000 ya está en uso
[2025-07-14 03:01:46] Iniciando aplicación en modo producción...
[2025-07-14 03:01:46] Verificando conexión del dispositivo...
[2025-07-14 03:01:46] ERROR: Puerto 5000 ya está en uso
[2025-07-14 03:01:56] Iniciando aplicación en modo producción...
[2025-07-14 03:01:56] Verificando conexión del dispositivo...
[2025-07-14 03:01:56] ERROR: Puerto 5000 ya está en uso
[2025-07-14 03:02:06] Iniciando aplicación en modo producción...
[2025-07-14 03:02:06] Verificando conexión del dispositivo...
[2025-07-14 03:02:06] ERROR: Puerto 5000 ya está en uso
[2025-07-14 03:02:17] Iniciando aplicación en modo producción...
[2025-07-14 03:02:17] Verificando conexión del dispositivo...
[2025-07-14 03:02:17] ERROR: Puerto 5000 ya está en uso
[2025-07-14 03:02:27] Iniciando aplicación en modo producción...
[2025-07-14 03:02:27] Verificando conexión del dispositivo...
[2025-07-14 03:02:27] ERROR: Puerto 5000 ya está en uso
[2025-07-14 03:02:37] Iniciando aplicación en modo producción...
[2025-07-14 03:02:37] Verificando conexión del dispositivo...
[2025-07-14 03:02:37] ERROR: Puerto 5000 ya está en uso
[2025-07-14 03:02:47] Iniciando aplicación en modo producción...
[2025-07-14 03:02:47] Verificando conexión del dispositivo...
[2025-07-14 03:02:47] ERROR: Puerto 5000 ya está en uso
[2025-07-14 03:02:58] Iniciando aplicación en modo producción...
[2025-07-14 03:02:58] Verificando conexión del dispositivo...
[2025-07-14 03:02:58] ERROR: Puerto 5000 ya está en uso
[2025-07-14 03:03:08] Iniciando aplicación en modo producción...
[2025-07-14 03:03:08] Verificando conexión del dispositivo...
[2025-07-14 03:03:08] ERROR: Puerto 5000 ya está en uso
[2025-07-14 03:03:18] Iniciando aplicación en modo producción...
[2025-07-14 03:03:18] Verificando conexión del dispositivo...
[2025-07-14 03:03:18] ERROR: Puerto 5000 ya está en uso
[2025-07-14 03:03:28] Iniciando aplicación en modo producción...
[2025-07-14 03:03:28] Verificando conexión del dispositivo...
[2025-07-14 03:03:28] ERROR: Puerto 5000 ya está en uso
[2025-07-14 03:03:39] Iniciando aplicación en modo producción...
[2025-07-14 03:03:39] Verificando conexión del dispositivo...
[2025-07-14 03:03:39] ERROR: Puerto 5000 ya está en uso
[2025-07-14 03:03:49] Iniciando aplicación en modo producción...
[2025-07-14 03:03:49] Verificando conexión del dispositivo...
[2025-07-14 03:03:49] ERROR: Puerto 5000 ya está en uso
[2025-07-14 03:03:59] Iniciando aplicación en modo producción...
[2025-07-14 03:03:59] Verificando conexión del dispositivo...
[2025-07-14 03:03:59] ERROR: Puerto 5000 ya está en uso
[2025-07-14 03:04:09] Iniciando aplicación en modo producción...
[2025-07-14 03:04:09] Verificando conexión del dispositivo...
[2025-07-14 03:04:09] ERROR: Puerto 5000 ya está en uso
[2025-07-14 03:04:20] Iniciando aplicación en modo producción...
[2025-07-14 03:04:20] Verificando conexión del dispositivo...
[2025-07-14 03:04:20] ERROR: Puerto 5000 ya está en uso
[2025-07-14 03:04:30] Iniciando aplicación en modo producción...
[2025-07-14 03:04:30] Verificando conexión del dispositivo...
[2025-07-14 03:04:30] ERROR: Puerto 5000 ya está en uso
[2025-07-14 03:04:40] Iniciando aplicación en modo producción...
[2025-07-14 03:04:40] Verificando conexión del dispositivo...
[2025-07-14 03:04:40] ERROR: Puerto 5000 ya está en uso
[2025-07-14 03:04:50] Iniciando aplicación en modo producción...
[2025-07-14 03:04:50] Verificando conexión del dispositivo...
[2025-07-14 03:04:50] ERROR: Puerto 5000 ya está en uso
[2025-07-14 03:05:01] Iniciando aplicación en modo producción...
[2025-07-14 03:05:01] Verificando conexión del dispositivo...
[2025-07-14 03:05:01] ERROR: Puerto 5000 ya está en uso
[2025-07-14 03:05:11] Iniciando aplicación en modo producción...
[2025-07-14 03:05:11] Verificando conexión del dispositivo...
[2025-07-14 03:05:11] ERROR: Puerto 5000 ya está en uso
[2025-07-14 03:05:21] Iniciando aplicación en modo producción...
[2025-07-14 03:05:21] Verificando conexión del dispositivo...
[2025-07-14 03:05:21] ERROR: Puerto 5000 ya está en uso
[2025-07-14 03:05:31] Iniciando aplicación en modo producción...
[2025-07-14 03:05:31] Verificando conexión del dispositivo...
[2025-07-14 03:05:31] ERROR: Puerto 5000 ya está en uso
[2025-07-14 03:05:42] Iniciando aplicación en modo producción...
[2025-07-14 03:05:42] Verificando conexión del dispositivo...
[2025-07-14 03:05:42] ERROR: Puerto 5000 ya está en uso
[2025-07-14 03:05:52] Iniciando aplicación en modo producción...
[2025-07-14 03:05:52] Verificando conexión del dispositivo...
[2025-07-14 03:05:52] ERROR: Puerto 5000 ya está en uso
[2025-07-14 03:06:02] Iniciando aplicación en modo producción...
[2025-07-14 03:06:02] Verificando conexión del dispositivo...
[2025-07-14 03:06:02] ERROR: Puerto 5000 ya está en uso
[2025-07-14 03:06:12] Iniciando aplicación en modo producción...
[2025-07-14 03:06:12] Verificando conexión del dispositivo...
[2025-07-14 03:06:12] ERROR: Puerto 5000 ya está en uso
[2025-07-14 03:06:23] Iniciando aplicación en modo producción...
[2025-07-14 03:06:23] Verificando conexión del dispositivo...
[2025-07-14 03:06:23] ERROR: Puerto 5000 ya está en uso
[2025-07-14 03:06:33] Iniciando aplicación en modo producción...
[2025-07-14 03:06:33] Verificando conexión del dispositivo...
[2025-07-14 03:06:33] ERROR: Puerto 5000 ya está en uso
[2025-07-14 03:06:43] Iniciando aplicación en modo producción...
[2025-07-14 03:06:43] Verificando conexión del dispositivo...
[2025-07-14 03:06:43] Iniciando aplicación en puerto 5000...
[2025-07-14 03:06:43] Aplicación iniciada con PID: 29951
[2025-07-14 03:06:46] ✅ Aplicación iniciada exitosamente
[2025-07-14 03:06:48] ⚠️ API no responde al endpoint de salud
[2025-07-14 03:16:55] Iniciando aplicación en modo producción...
[2025-07-14 03:16:55] Verificando conexión del dispositivo...
[2025-07-14 03:16:55] Iniciando aplicación en puerto 5000...
[2025-07-14 03:16:55] Aplicación iniciada con PID: 31889
[2025-07-14 03:16:58] ✅ Aplicación iniciada exitosamente
[2025-07-14 03:17:00] ⚠️ API no responde al endpoint de salud
[2025-07-14 03:25:37] Iniciando aplicación en modo producción...
[2025-07-14 03:25:37] Verificando conexión del dispositivo...
[2025-07-14 03:25:37] Iniciando aplicación en puerto 5000...
[2025-07-14 03:25:37] Aplicación iniciada con PID: 32895
[2025-07-14 03:25:41] ✅ Aplicación iniciada exitosamente
[2025-07-14 03:25:43] ⚠️ API no responde al endpoint de salud
[2025-07-14 03:27:27] Iniciando aplicación en modo producción...
[2025-07-14 03:27:27] Verificando conexión del dispositivo...
[2025-07-14 03:27:27] Iniciando aplicación en puerto 5000...
[2025-07-14 03:27:27] Aplicación iniciada con PID: 33128
[2025-07-14 03:27:30] ✅ Aplicación iniciada exitosamente
[2025-07-14 03:27:32] ⚠️ API no responde al endpoint de salud
[2025-07-14 03:29:30] Iniciando aplicación en modo producción...
[2025-07-14 03:29:30] Verificando conexión del dispositivo...
[2025-07-14 03:29:30] Iniciando aplicación en puerto 5000...
[2025-07-14 03:29:30] Aplicación iniciada con PID: 33538
[2025-07-14 03:29:34] ✅ Aplicación iniciada exitosamente
[2025-07-14 03:29:36] ⚠️ API no responde al endpoint de salud
[2025-07-14 03:32:04] Iniciando aplicación en modo producción...
[2025-07-14 03:32:04] Verificando conexión del dispositivo...
[2025-07-14 03:32:04] Iniciando aplicación en puerto 5000...
[2025-07-14 03:32:04] Aplicación iniciada con PID: 34008
[2025-07-14 03:32:07] ✅ Aplicación iniciada exitosamente
[2025-07-14 03:32:09] ⚠️ API no responde al endpoint de salud
[2025-07-14 03:39:59] Iniciando aplicación en modo producción...
[2025-07-14 03:39:59] Verificando conexión del dispositivo...
[2025-07-14 03:39:59] Iniciando aplicación en puerto 5000...
[2025-07-14 03:39:59] Aplicación iniciada con PID: 35191
[2025-07-14 03:40:02] ✅ Aplicación iniciada exitosamente
[2025-07-14 03:40:04] ⚠️ API no responde al endpoint de salud
[2025-07-14 03:45:50] Iniciando aplicación en modo producción...
[2025-07-14 03:45:50] Verificando conexión del dispositivo...
[2025-07-14 03:45:50] Iniciando aplicación en puerto 5000...
[2025-07-14 03:45:50] Aplicación iniciada con PID: 36356
[2025-07-14 03:45:53] ✅ Aplicación iniciada exitosamente
[2025-07-14 03:45:55] ⚠️ API no responde al endpoint de salud
[2025-07-14 04:14:02] Iniciando aplicación en modo producción...
[2025-07-14 04:14:02] Verificando conexión del dispositivo...
[2025-07-14 04:14:02] Iniciando aplicación en puerto 5000...
[2025-07-14 04:14:02] Aplicación iniciada con PID: 39819
[2025-07-14 04:14:05] ✅ Aplicación iniciada exitosamente
[2025-07-14 04:14:08] ⚠️ API no responde al endpoint de salud
[2025-07-14 04:52:56] Iniciando aplicación en modo producción...
[2025-07-14 04:52:56] Verificando conexión del dispositivo...
[2025-07-14 04:52:56] Iniciando aplicación en puerto 5000...
[2025-07-14 04:52:56] Aplicación iniciada con PID: 954
[2025-07-14 04:52:59] ✅ Aplicación iniciada exitosamente
[2025-07-14 04:53:01] ⚠️ API no responde al endpoint de salud
[2025-07-14 08:45:02] Iniciando aplicación en modo producción...
[2025-07-14 08:45:02] Verificando conexión del dispositivo...
[2025-07-14 08:45:03] Iniciando aplicación en puerto 5000...
[2025-07-14 08:45:03] Aplicación iniciada con PID: 19469
[2025-07-14 08:45:06] ❌ Error: La aplicación no se inició correctamente
[2025-07-14 08:45:16] Iniciando aplicación en modo producción...
[2025-07-14 08:45:16] Verificando conexión del dispositivo...
[2025-07-14 08:45:16] Iniciando aplicación en puerto 5000...
[2025-07-14 08:45:16] Aplicación iniciada con PID: 19596
[2025-07-14 08:45:19] ❌ Error: La aplicación no se inició correctamente
[2025-07-14 08:45:29] Iniciando aplicación en modo producción...
[2025-07-14 08:45:29] Verificando conexión del dispositivo...
[2025-07-14 08:45:29] Iniciando aplicación en puerto 5000...
[2025-07-14 08:45:29] Aplicación iniciada con PID: 19705
[2025-07-14 08:45:32] ❌ Error: La aplicación no se inició correctamente
[2025-07-14 08:45:42] Iniciando aplicación en modo producción...
[2025-07-14 08:45:42] Verificando conexión del dispositivo...
[2025-07-14 08:45:42] Iniciando aplicación en puerto 5000...
[2025-07-14 08:45:42] Aplicación iniciada con PID: 19853
[2025-07-14 08:45:45] ❌ Error: La aplicación no se inició correctamente
[2025-07-14 08:45:55] Iniciando aplicación en modo producción...
[2025-07-14 08:45:56] Verificando conexión del dispositivo...
[2025-07-14 08:45:56] Iniciando aplicación en puerto 5000...
[2025-07-14 08:45:56] Aplicación iniciada con PID: 19965
[2025-07-14 08:45:59] ❌ Error: La aplicación no se inició correctamente
[2025-07-14 08:46:09] Iniciando aplicación en modo producción...
[2025-07-14 08:46:09] Verificando conexión del dispositivo...
[2025-07-14 08:46:09] Iniciando aplicación en puerto 5000...
[2025-07-14 08:46:09] Aplicación iniciada con PID: 20073
[2025-07-14 08:46:12] ❌ Error: La aplicación no se inició correctamente
[2025-07-14 08:46:22] Iniciando aplicación en modo producción...
[2025-07-14 08:46:22] Verificando conexión del dispositivo...
[2025-07-14 08:46:22] Iniciando aplicación en puerto 5000...
[2025-07-14 08:46:22] Aplicación iniciada con PID: 20134
[2025-07-14 08:46:25] ❌ Error: La aplicación no se inició correctamente
[2025-07-14 08:46:35] Iniciando aplicación en modo producción...
[2025-07-14 08:46:35] Verificando conexión del dispositivo...
[2025-07-14 08:46:35] Iniciando aplicación en puerto 5000...
[2025-07-14 08:46:35] Aplicación iniciada con PID: 20195
[2025-07-14 08:46:38] ❌ Error: La aplicación no se inició correctamente
[2025-07-14 08:46:49] Iniciando aplicación en modo producción...
[2025-07-14 08:46:49] Verificando conexión del dispositivo...
[2025-07-14 08:46:49] Iniciando aplicación en puerto 5000...
[2025-07-14 08:46:49] Aplicación iniciada con PID: 20245
[2025-07-14 08:46:52] ✅ Aplicación iniciada exitosamente
[2025-07-14 08:46:54] ⚠️ API no responde al endpoint de salud
